#! /c/Source/iverilog-install/bin/vvp
:ivl_version "12.0 (devel)" "(s20150603-1539-g2693dd32b)";
:ivl_delay_selection "TYPICAL";
:vpi_time_precision - 9;
:vpi_module "C:\iverilog\lib\ivl\system.vpi";
:vpi_module "C:\iverilog\lib\ivl\vhdl_sys.vpi";
:vpi_module "C:\iverilog\lib\ivl\vhdl_textio.vpi";
:vpi_module "C:\iverilog\lib\ivl\v2005_math.vpi";
:vpi_module "C:\iverilog\lib\ivl\va_math.vpi";
S_000001c2f2986ae0 .scope module, "decoder38_tb" "decoder38_tb" 2 3;
 .timescale -9 -9;
v000001c2f2983930_0 .var "a", 0 0;
v000001c2f29839d0_0 .var "b", 0 0;
v000001c2f2983a70_0 .var "c", 0 0;
v000001c2f2983b10_0 .net "out", 7 0, v000001c2f2986ea0_0;  1 drivers
S_000001c2f2986c70 .scope module, "decoder38_1" "decoder38" 2 27, 3 1 0, S_000001c2f2986ae0;
 .timescale 0 0;
    .port_info 0 /INPUT 1 "a";
    .port_info 1 /INPUT 1 "b";
    .port_info 2 /INPUT 1 "c";
    .port_info 3 /OUTPUT 8 "out";
v000001c2f2aabe80_0 .net "a", 0 0, v000001c2f2983930_0;  1 drivers
v000001c2f2aa6a10_0 .net "b", 0 0, v000001c2f29839d0_0;  1 drivers
v000001c2f2986e00_0 .net "c", 0 0, v000001c2f2983a70_0;  1 drivers
v000001c2f2986ea0_0 .var "out", 7 0;
E_000001c2f2aab2c0 .event anyedge, v000001c2f2aabe80_0, v000001c2f2aa6a10_0, v000001c2f2986e00_0;
    .scope S_000001c2f2986c70;
T_0 ;
    %wait E_000001c2f2aab2c0;
    %load/vec4 v000001c2f2aabe80_0;
    %load/vec4 v000001c2f2aa6a10_0;
    %concat/vec4; draw_concat_vec4
    %load/vec4 v000001c2f2986e00_0;
    %concat/vec4; draw_concat_vec4
    %dup/vec4;
    %pushi/vec4 0, 0, 3;
    %cmp/u;
    %jmp/1 T_0.0, 6;
    %dup/vec4;
    %pushi/vec4 1, 0, 3;
    %cmp/u;
    %jmp/1 T_0.1, 6;
    %dup/vec4;
    %pushi/vec4 2, 0, 3;
    %cmp/u;
    %jmp/1 T_0.2, 6;
    %dup/vec4;
    %pushi/vec4 3, 0, 3;
    %cmp/u;
    %jmp/1 T_0.3, 6;
    %dup/vec4;
    %pushi/vec4 4, 0, 3;
    %cmp/u;
    %jmp/1 T_0.4, 6;
    %dup/vec4;
    %pushi/vec4 5, 0, 3;
    %cmp/u;
    %jmp/1 T_0.5, 6;
    %dup/vec4;
    %pushi/vec4 6, 0, 3;
    %cmp/u;
    %jmp/1 T_0.6, 6;
    %dup/vec4;
    %pushi/vec4 7, 0, 3;
    %cmp/u;
    %jmp/1 T_0.7, 6;
    %jmp T_0.8;
T_0.0 ;
    %pushi/vec4 1, 0, 8;
    %store/vec4 v000001c2f2986ea0_0, 0, 8;
    %jmp T_0.8;
T_0.1 ;
    %pushi/vec4 2, 0, 8;
    %store/vec4 v000001c2f2986ea0_0, 0, 8;
    %jmp T_0.8;
T_0.2 ;
    %pushi/vec4 4, 0, 8;
    %store/vec4 v000001c2f2986ea0_0, 0, 8;
    %jmp T_0.8;
T_0.3 ;
    %pushi/vec4 8, 0, 8;
    %store/vec4 v000001c2f2986ea0_0, 0, 8;
    %jmp T_0.8;
T_0.4 ;
    %pushi/vec4 16, 0, 8;
    %store/vec4 v000001c2f2986ea0_0, 0, 8;
    %jmp T_0.8;
T_0.5 ;
    %pushi/vec4 32, 0, 8;
    %store/vec4 v000001c2f2986ea0_0, 0, 8;
    %jmp T_0.8;
T_0.6 ;
    %pushi/vec4 64, 0, 8;
    %store/vec4 v000001c2f2986ea0_0, 0, 8;
    %jmp T_0.8;
T_0.7 ;
    %pushi/vec4 128, 0, 8;
    %store/vec4 v000001c2f2986ea0_0, 0, 8;
    %jmp T_0.8;
T_0.8 ;
    %pop/vec4 1;
    %jmp T_0;
    .thread T_0, $push;
    .scope S_000001c2f2986ae0;
T_1 ;
    %vpi_call 2 7 "$dumpfile", "wave.vcd" {0 0 0};
    %vpi_call 2 8 "$dumpvars", 32'sb00000000000000000000000000000000, S_000001c2f2986ae0 {0 0 0};
    %pushi/vec4 0, 0, 1;
    %store/vec4 v000001c2f2983930_0, 0, 1;
    %pushi/vec4 0, 0, 1;
    %store/vec4 v000001c2f29839d0_0, 0, 1;
    %pushi/vec4 0, 0, 1;
    %store/vec4 v000001c2f2983a70_0, 0, 1;
    %delay 100, 0;
    %pushi/vec4 0, 0, 1;
    %store/vec4 v000001c2f2983930_0, 0, 1;
    %pushi/vec4 0, 0, 1;
    %store/vec4 v000001c2f29839d0_0, 0, 1;
    %pushi/vec4 1, 0, 1;
    %store/vec4 v000001c2f2983a70_0, 0, 1;
    %delay 100, 0;
    %pushi/vec4 0, 0, 1;
    %store/vec4 v000001c2f2983930_0, 0, 1;
    %pushi/vec4 1, 0, 1;
    %store/vec4 v000001c2f29839d0_0, 0, 1;
    %pushi/vec4 0, 0, 1;
    %store/vec4 v000001c2f2983a70_0, 0, 1;
    %delay 100, 0;
    %pushi/vec4 0, 0, 1;
    %store/vec4 v000001c2f2983930_0, 0, 1;
    %pushi/vec4 1, 0, 1;
    %store/vec4 v000001c2f29839d0_0, 0, 1;
    %pushi/vec4 1, 0, 1;
    %store/vec4 v000001c2f2983a70_0, 0, 1;
    %delay 100, 0;
    %pushi/vec4 1, 0, 1;
    %store/vec4 v000001c2f2983930_0, 0, 1;
    %pushi/vec4 0, 0, 1;
    %store/vec4 v000001c2f29839d0_0, 0, 1;
    %pushi/vec4 0, 0, 1;
    %store/vec4 v000001c2f2983a70_0, 0, 1;
    %delay 100, 0;
    %pushi/vec4 1, 0, 1;
    %store/vec4 v000001c2f2983930_0, 0, 1;
    %pushi/vec4 0, 0, 1;
    %store/vec4 v000001c2f29839d0_0, 0, 1;
    %pushi/vec4 1, 0, 1;
    %store/vec4 v000001c2f2983a70_0, 0, 1;
    %delay 100, 0;
    %pushi/vec4 1, 0, 1;
    %store/vec4 v000001c2f2983930_0, 0, 1;
    %pushi/vec4 1, 0, 1;
    %store/vec4 v000001c2f29839d0_0, 0, 1;
    %pushi/vec4 0, 0, 1;
    %store/vec4 v000001c2f2983a70_0, 0, 1;
    %delay 100, 0;
    %pushi/vec4 1, 0, 1;
    %store/vec4 v000001c2f2983930_0, 0, 1;
    %pushi/vec4 1, 0, 1;
    %store/vec4 v000001c2f29839d0_0, 0, 1;
    %pushi/vec4 1, 0, 1;
    %store/vec4 v000001c2f2983a70_0, 0, 1;
    %delay 100, 0;
    %vpi_call 2 25 "$finish" {0 0 0};
    %end;
    .thread T_1;
# The file index is used to find the file name in the following table.
:file_names 4;
    "N/A";
    "<interactive>";
    "decoder38_tb.v";
    "decoder38.v";
